Symbolic pkg v2.8.0: Python communication link active, SymPy v1.5.1.


KVL equation:
ans = (sym) Ialfa⋅R₁ + R₄⋅(Ialfa - Idelta) - Va + Vb = 0
Ibeta = (sym) -Ib
Igama = (sym) -Id
ans = (sym) Idelta⋅R₆ + Idelta⋅R₇ + R₄⋅(-Ialfa + Idelta) + Vc = 0

Por observação do circuito
Vc = (sym) Ic⋅Kc
Ib = (sym) Kb⋅Vb
Ic = (sym) -Idelta
Vb = (sym) R₃⋅(Ialfa + Ib)
R1 =  1032.6
R2 =  2058.5
R3 =  3056.6
R4 =  4120.8
R5 =  3102.2
R6 =  2099.1
R7 =  1015.7
Va =  5.1983
Id =  0.0010474
Kb =  0.0070745
Kc =  8223.5
A =

 Columns 1 through 6:

   5153.41841      0.00000      0.00000  -4120.83819      1.00000      0.00000
      0.00000      1.00000      0.00000      0.00000      0.00000      0.00000
      0.00000      0.00000      1.00000      0.00000      0.00000      0.00000
  -4120.83819      0.00000      0.00000   7235.63057      0.00000      1.00000
      0.00000      0.00000      0.00000      0.00000      0.00000      1.00000
      0.00000      0.00000      0.00000      0.00000     -0.00707      0.00000
      0.00000      0.00000      0.00000      1.00000      0.00000      0.00000
  -3056.58919   3056.58919      0.00000      0.00000      1.00000      0.00000

 Columns 7 and 8:

      0.00000      0.00000
      1.00000      0.00000
      0.00000      0.00000
      0.00000      0.00000
      0.00000  -8223.45658
      1.00000      0.00000
      0.00000      1.00000
      0.00000      0.00000

B =

   5.19832
   0.00000
  -0.00105
   0.00000
   0.00000
   0.00000
   0.00000
   0.00000

Ialfa =  0.00023420
Ibeta =  0.00024556
Igama = -0.0010474
Idelta = -0.00097701
Vb = -0.034711
Vc =  8.0344
Ib = -0.00024556
Ic =  0.00097701
Malhas_TAB 
@$I_{\alpha}$ = 2.342031e-04 
@$I_{\beta}$ = 2.455590e-04 
@$I_{\gamma}$ = -1.047395e-03 
@$I_{\delta}$ = -9.770070e-04 
$V_{b}$ = -3.471054e-02 
$V_{c}$ = 8.034375e+00 
@$I_{b}$ = -2.455590e-04 
@$I_{c}$ = 9.770070e-04 
Malhas_END 
