Symbolic pkg v2.8.0: Python communication link active, SymPy v1.5.1.


KNL equações:

Knots equações:
ans = (sym)

       -v₇ + v₈    
  Ic + ──────── = 0
          R₇       

ans = (sym)

             v₅ - v₆    
  -Ib + Id + ─────── = 0
                R₅      

ans = (sym)

       v₂ - v₃    
  Ib + ─────── = 0
          R₂      

ans = (sym)

    Vb   -v₂ + v₃   v₁ - v₂    
  - ── + ──────── + ─────── = 0
    R₃      R₂         R₁      


SuperKnots equações:
ans = (sym)

        v₇ - v₈   -v₅ + v₆   v₄ - v₅   Vb    
  -Id + ─────── + ──────── + ─────── + ── = 0
           R₇        R₅         R₄     R₃    

ans = (sym)

        -v₄ + v₅   -v₁ + v₂    
  -Ic + ──────── + ──────── = 0
           R₄         R₁       


Por observação do circuito
ans = (sym) v₄ = 0
ans = (sym) v₁ - v₄ = Va
ans = (sym) v₅ - v₈ = Vc
ans = (sym) v₂ - v₅ = Vb
Ic = (sym)

  v₄ - v₇
  ───────
     R₆  

Vc = (sym)

  Kc⋅(v₄ - v₇)
  ────────────
       R₆     

Ib = (sym) Kb⋅Vb

Como uma das equações do SuperKnots não é necessária, retiramos a maior:
ans = (sym)

        v₇ - v₈   -v₅ + v₆   v₄ - v₅   Vb    
  -Id + ─────── + ──────── + ─────── + ── = 0
           R₇        R₅         R₄     R₃    

R1 =  1032.6
R2 =  2058.5
R3 =  3056.6
R4 =  4120.8
R5 =  3102.2
R6 =  2099.1
R7 =  1015.7
Va =  5.1983
Id =  0.0010474
Kb =  0.0070745
Kc =  8223.5
x =

   5.19832
   4.95649
   4.45100
   0.00000
   4.99120
   9.00225
  -2.05083
  -3.04317
  -0.03471
   8.03438
  -0.00025
   0.00098

v1 =  5.1983
v2 =  4.9565
v3 =  4.4510
v4 = 0
v5 =  4.9912
v6 =  9.0023
v7 = -2.0508
v8 = -3.0432
Vb = -0.034711
Vc =  8.0344
Ib = -0.00024556
Ic =  0.00097701
Nos_TAB 
$v_{1}$ = 5.198324e+00 
$v_{2}$ = 4.956490e+00 
$v_{3}$ = 4.450997e+00 
$v_{4}$ = 0.000000e+00 
$v_{5}$ = 4.991201e+00 
$v_{6}$ = 9.002253e+00 
$v_{7}$ = -2.050829e+00 
$v_{8}$ = -3.043174e+00 
$V_{b}$ = -3.471054e-02 
$V_{c}$ = 8.034375e+00 
@$I_{b}$ = -2.455590e-04 
@$I_{c}$ = 9.770070e-04 
Nos_END 
